<?xml version="1.0" encoding="UTF-8"?>
<testng-results ignored="0" total="1" passed="1" failed="0" skipped="0">
  <reporter-output>
  </reporter-output>
  <suite started-at="2023-04-12T08:03:04 IST" name="Default suite" finished-at="2023-04-12T08:03:08 IST" duration-ms="4590">
    <groups>
    </groups>
    <test started-at="2023-04-12T08:03:04 IST" name="Default test" finished-at="2023-04-12T08:03:08 IST" duration-ms="4590">
      <class name="com.training.sanity.tests.movieintrending">
        <test-method is-config="true" signature="setUp()[pri:0, instance:com.training.sanity.tests.movieintrending@2c767a52]" started-at="2023-04-12T08:03:04 IST" name="setUp" finished-at="2023-04-12T08:03:07 IST" duration-ms="3091" status="PASS">
          <reporter-output>
          </reporter-output>
        </test-method> <!-- setUp -->
        <test-method signature="movieintrending()[pri:0, instance:com.training.sanity.tests.movieintrending@2c767a52]" started-at="2023-04-12T08:03:07 IST" name="movieintrending" finished-at="2023-04-12T08:03:07 IST" duration-ms="258" status="PASS">
          <reporter-output>
          </reporter-output>
        </test-method> <!-- movieintrending -->
        <test-method is-config="true" signature="tearDown()[pri:0, instance:com.training.sanity.tests.movieintrending@2c767a52]" started-at="2023-04-12T08:03:07 IST" name="tearDown" finished-at="2023-04-12T08:03:08 IST" duration-ms="1207" status="PASS">
          <reporter-output>
          </reporter-output>
        </test-method> <!-- tearDown -->
      </class> <!-- com.training.sanity.tests.movieintrending -->
    </test> <!-- Default test -->
  </suite> <!-- Default suite -->
</testng-results>
